Performing C++ SOURCE FILE Test CMAKE_HAVE_LIBC_PTHREAD failed with the following output:
Change Dir: /home/steffitlw/Desktop/Sourcecode/Sourcecode Simulation 2D Tissue/build/CMakeFiles/CMakeTmp

Run Build Command(s):/usr/bin/make -f Makefile cmTC_7d878/fast && /usr/bin/make  -f CMakeFiles/cmTC_7d878.dir/build.make CMakeFiles/cmTC_7d878.dir/build
make[1]: Entering directory '/home/steffitlw/Desktop/Sourcecode/Sourcecode Simulation 2D Tissue/build/CMakeFiles/CMakeTmp'
Building CXX object CMakeFiles/cmTC_7d878.dir/src.cxx.o
/usr/bin/c++ -DCMAKE_HAVE_LIBC_PTHREAD   -o CMakeFiles/cmTC_7d878.dir/src.cxx.o -c "/home/steffitlw/Desktop/Sourcecode/Sourcecode Simulation 2D Tissue/build/CMakeFiles/CMakeTmp/src.cxx"
Linking CXX executable cmTC_7d878
/usr/bin/cmake -E cmake_link_script CMakeFiles/cmTC_7d878.dir/link.txt --verbose=1
/usr/bin/c++ -rdynamic CMakeFiles/cmTC_7d878.dir/src.cxx.o -o cmTC_7d878 
/usr/bin/ld: CMakeFiles/cmTC_7d878.dir/src.cxx.o: in function `main':
src.cxx:(.text+0x3e): undefined reference to `pthread_create'
/usr/bin/ld: src.cxx:(.text+0x4a): undefined reference to `pthread_detach'
/usr/bin/ld: src.cxx:(.text+0x56): undefined reference to `pthread_cancel'
/usr/bin/ld: src.cxx:(.text+0x67): undefined reference to `pthread_join'
collect2: error: ld returned 1 exit status
make[1]: *** [CMakeFiles/cmTC_7d878.dir/build.make:99: cmTC_7d878] Error 1
make[1]: Leaving directory '/home/steffitlw/Desktop/Sourcecode/Sourcecode Simulation 2D Tissue/build/CMakeFiles/CMakeTmp'
make: *** [Makefile:127: cmTC_7d878/fast] Error 2


Source file was:
#include <pthread.h>

static void* test_func(void* data)
{
  return data;
}

int main(void)
{
  pthread_t thread;
  pthread_create(&thread, NULL, test_func, NULL);
  pthread_detach(thread);
  pthread_cancel(thread);
  pthread_join(thread, NULL);
  pthread_atfork(NULL, NULL, NULL);
  pthread_exit(NULL);

  return 0;
}

Determining if the function pthread_create exists in the pthreads failed with the following output:
Change Dir: /home/steffitlw/Desktop/Sourcecode/Sourcecode Simulation 2D Tissue/build/CMakeFiles/CMakeTmp

Run Build Command(s):/usr/bin/make -f Makefile cmTC_c94e9/fast && /usr/bin/make  -f CMakeFiles/cmTC_c94e9.dir/build.make CMakeFiles/cmTC_c94e9.dir/build
make[1]: Entering directory '/home/steffitlw/Desktop/Sourcecode/Sourcecode Simulation 2D Tissue/build/CMakeFiles/CMakeTmp'
Building CXX object CMakeFiles/cmTC_c94e9.dir/CheckFunctionExists.cxx.o
/usr/bin/c++   -DCHECK_FUNCTION_EXISTS=pthread_create -o CMakeFiles/cmTC_c94e9.dir/CheckFunctionExists.cxx.o -c "/home/steffitlw/Desktop/Sourcecode/Sourcecode Simulation 2D Tissue/build/CMakeFiles/CheckLibraryExists/CheckFunctionExists.cxx"
Linking CXX executable cmTC_c94e9
/usr/bin/cmake -E cmake_link_script CMakeFiles/cmTC_c94e9.dir/link.txt --verbose=1
/usr/bin/c++  -DCHECK_FUNCTION_EXISTS=pthread_create -rdynamic CMakeFiles/cmTC_c94e9.dir/CheckFunctionExists.cxx.o -o cmTC_c94e9  -lpthreads 
/usr/bin/ld: cannot find -lpthreads
collect2: error: ld returned 1 exit status
make[1]: *** [CMakeFiles/cmTC_c94e9.dir/build.make:99: cmTC_c94e9] Error 1
make[1]: Leaving directory '/home/steffitlw/Desktop/Sourcecode/Sourcecode Simulation 2D Tissue/build/CMakeFiles/CMakeTmp'
make: *** [Makefile:127: cmTC_c94e9/fast] Error 2



